authenticator_sdk/build/intermediates/manifest_merge_blame_file/release/manifest-merger-blame-release-report.txt
1<?xml version="1.0" encoding="utf-8"?>
2<!--
3    This file is part of the Salt Edge Authenticator distribution
4    (https://github.com/saltedge/sca-authenticator-android)
5    Copyright (c) 2019 Salt Edge Inc.
6
7    This program is free software: you can redistribute it and/or modify
8    it under the terms of the GNU General Public License as published by
9    the Free Software Foundation, version 3 or later.
10
11    This program is distributed in the hope that it will be useful, but
12    WITHOUT ANY WARRANTY; without even the implied warranty of
13    MERCHANTABILITY or FITNESS FOR A PARTICULAR PURPOSE. See the GNU
14    General Public License for more details.
15
16    You should have received a copy of the GNU General Public License
17    along with this program. If not, see <http://www.gnu.org/licenses/>.
18
19    For the additional permissions granted for Salt Edge Authenticator
20    under Section 7 of the GNU General Public License see THIRD_PARTY_NOTICES.md
21-->
22<manifest xmlns:android="http://schemas.android.com/apk/res/android"
23    package="com.saltedge.authenticator.sdk"
24    android:versionCode="3"
25    android:versionName="1.2.1" >
26
27    <uses-sdk
28        android:minSdkVersion="21"
28-->src/main/AndroidManifest.xml
29        android:targetSdkVersion="30" />
29-->src/main/AndroidManifest.xml
30
31    <uses-permission android:name="android.permission.INTERNET" />
31-->src/main/AndroidManifest.xml:25:5-66
31-->src/main/AndroidManifest.xml:25:22-64
32    <uses-permission android:name="android.permission.ACCESS_NETWORK_STATE" />
32-->src/main/AndroidManifest.xml:26:5-79
32-->src/main/AndroidManifest.xml:26:22-76
33    <uses-permission android:name="android.permission.USE_FINGERPRINT" />
33-->src/main/AndroidManifest.xml:27:5-74
33-->src/main/AndroidManifest.xml:27:22-71
34
35</manifest>